#
# There is insufficient memory for the Java Runtime Environment to continue.
# Native memory allocation (mmap) failed to map 132120576 bytes for G1 virtual space
# Possible reasons:
#   The system is out of physical RAM or swap space
#   The process is running with CompressedOops enabled, and the Java Heap may be blocking the growth of the native heap
# Possible solutions:
#   Reduce memory load on the system
#   Increase physical memory or swap space
#   Check if swap backing store is full
#   Decrease Java heap size (-Xmx/-Xms)
#   Decrease number of Java threads
#   Decrease Java thread stack sizes (-Xss)
#   Set larger code cache with -XX:ReservedCodeCacheSize=
#   JVM is running with Unscaled Compressed Oops mode in which the Java heap is
#     placed in the first 4GB address space. The Java Heap base address is the
#     maximum limit for the native heap growth. Please use -XX:HeapBaseMinAddress
#     to set the Java Heap base and to place the Java Heap above 4GB virtual address.
# This output file may be truncated or incomplete.
#
#  Out of Memory Error (os_windows.cpp:3536), pid=10208, tid=14464
#
# JRE version:  (19.0.2+7) (build )
# Java VM: OpenJDK 64-Bit Server VM (19.0.2+7-44, mixed mode, sharing, tiered, compressed oops, compressed class ptrs, g1 gc, windows-amd64)
# No core dump will be written. Minidumps are not enabled by default on client versions of Windows
#

---------------  S U M M A R Y ------------

Command Line: -javaagent:C:\Program Files\JetBrains\IntelliJ IDEA 2022.3.2\lib\idea_rt.jar=50975:C:\Program Files\JetBrains\IntelliJ IDEA 2022.3.2\bin -Dfile.encoding=UTF-8 -Dsun.stdout.encoding=UTF-8 -Dsun.stderr.encoding=UTF-8 Main

Host: Intel(R) Core(TM) i7-6500U CPU @ 2.50GHz, 4 cores, 7G,  Windows 10 , 64 bit Build 19041 (10.0.19041.2546)
Time: Sun Mar 12 13:45:49 2023 GTB Standard Time elapsed time: 0.018592 seconds (0d 0h 0m 0s)

---------------  T H R E A D  ---------------

Current thread (0x00000199ab09d280):  JavaThread "Unknown thread" [_thread_in_vm, id=14464, stack(0x0000002a28500000,0x0000002a28600000)]

Stack: [0x0000002a28500000,0x0000002a28600000]
Native frames: (J=compiled Java code, j=interpreted, Vv=VM code, C=native code)
V  [jvm.dll+0x6ee21a]
V  [jvm.dll+0x85765e]
V  [jvm.dll+0x85904e]
V  [jvm.dll+0x859703]
V  [jvm.dll+0x28298f]
V  [jvm.dll+0x6eb009]
V  [jvm.dll+0x6dfbaa]
V  [jvm.dll+0x3573f6]
V  [jvm.dll+0x35ee56]
V  [jvm.dll+0x3b541e]
V  [jvm.dll+0x3b564f]
V  [jvm.dll+0x32c9ea]
V  [jvm.dll+0x32d89e]
V  [jvm.dll+0x821780]
V  [jvm.dll+0x3c2661]
V  [jvm.dll+0x801f51]
V  [jvm.dll+0x44ae8f]
V  [jvm.dll+0x44c811]
C  [jli.dll+0x5287]
C  [ucrtbase.dll+0x21bb2]
C  [KERNEL32.DLL+0x17614]
C  [ntdll.dll+0x526a1]


---------------  P R O C E S S  ---------------

Threads class SMR info:
_java_thread_list=0x00007ffb9d4ed048, length=0, elements={
}

Java Threads: ( => current thread )

Other Threads:
  0x00000199ab0f9aa0 WorkerThread "GC Thread#0" [stack: 0x0000002a28600000,0x0000002a28700000] [id=10584]
  0x00000199ab10b7b0 ConcurrentGCThread "G1 Main Marker" [stack: 0x0000002a28700000,0x0000002a28800000] [id=16064]
  0x00000199ab10d990 WorkerThread "G1 Conc#0" [stack: 0x0000002a28800000,0x0000002a28900000] [id=16124]

[error occurred during error reporting (printing all threads), id 0xc0000005, EXCEPTION_ACCESS_VIOLATION (0xc0000005) at pc=0x00007ffb9ccad427]

VM state: not at safepoint (not fully initialized)

VM Mutex/Monitor currently owned by a thread:  ([mutex/lock_event])
[0x00000199ab097d60] Heap_lock - owner thread: 0x00000199ab09d280

Heap address: 0x0000000082000000, size: 2016 MB, Compressed Oops mode: 32-bit

CDS archive(s) mapped at: [0x0000000000000000-0x0000000000000000-0x0000000000000000), size 0, SharedBaseAddress: 0x0000000800000000, ArchiveRelocationMode: 0.
Narrow klass base: 0x0000000000000000, Narrow klass shift: 0, Narrow klass range: 0x0

GC Precious Log:
 CardTable entry size: 512
 Card Set container configuration: InlinePtr #cards 5 size 8 Array Of Cards #cards 12 size 40 Howl #buckets 4 coarsen threshold 1843 Howl Bitmap #cards 512 size 80 coarsen threshold 460 Card regions per heap region 1 cards per card region 2048

Heap:
 garbage-first heap   total 0K, used 0K [0x0000000082000000, 0x0000000100000000)
  region size 1024K, 0 young (0K), 0 survivors (0K)

[error occurred during error reporting (printing heap information), id 0xc0000005, EXCEPTION_ACCESS_VIOLATION (0xc0000005) at pc=0x00007ffb9d0b6649]

GC Heap History (0 events):
No events

Dll operation events (1 events):
Event: 0.012 Loaded shared library C:\Users\abc\.jdks\openjdk-19.0.2\bin\java.dll

Deoptimization events (0 events):
No events

Classes loaded (0 events):
No events

Classes unloaded (0 events):
No events

Classes redefined (0 events):
No events

Internal exceptions (0 events):
No events

VM Operations (0 events):
No events

Events (0 events):
No events


Dynamic libraries:
0x00007ff7c0720000 - 0x00007ff7c072e000 	C:\Users\abc\.jdks\openjdk-19.0.2\bin\java.exe
0x00007ffc00b50000 - 0x00007ffc00d48000 	C:\WINDOWS\SYSTEM32\ntdll.dll
0x00007ffbffb60000 - 0x00007ffbffc1f000 	C:\WINDOWS\System32\KERNEL32.DLL
0x00007ffbfe3f0000 - 0x00007ffbfe6c2000 	C:\WINDOWS\System32\KERNELBASE.dll
0x00007ffbfe2a0000 - 0x00007ffbfe3a0000 	C:\WINDOWS\System32\ucrtbase.dll
0x00007ffbf9a40000 - 0x00007ffbf9a57000 	C:\Users\abc\.jdks\openjdk-19.0.2\bin\jli.dll
0x00007ffc00570000 - 0x00007ffc00711000 	C:\WINDOWS\System32\USER32.dll
0x00007ffbfe270000 - 0x00007ffbfe292000 	C:\WINDOWS\System32\win32u.dll
0x00007ffbffd50000 - 0x00007ffbffd7b000 	C:\WINDOWS\System32\GDI32.dll
0x00007ffbfea80000 - 0x00007ffbfeb8f000 	C:\WINDOWS\System32\gdi32full.dll
0x00007ffbfe970000 - 0x00007ffbfea0d000 	C:\WINDOWS\System32\msvcp_win.dll
0x00007ffbf8060000 - 0x00007ffbf807b000 	C:\Users\abc\.jdks\openjdk-19.0.2\bin\VCRUNTIME140.dll
0x00007ffbec850000 - 0x00007ffbecaea000 	C:\WINDOWS\WinSxS\amd64_microsoft.windows.common-controls_6595b64144ccf1df_6.0.19041.1110_none_60b5254171f9507e\COMCTL32.dll
0x00007ffbfeb90000 - 0x00007ffbfec2e000 	C:\WINDOWS\System32\msvcrt.dll
0x00007ffc00ad0000 - 0x00007ffc00b02000 	C:\WINDOWS\System32\IMM32.DLL
0x00007ffbf7970000 - 0x00007ffbf797c000 	C:\Users\abc\.jdks\openjdk-19.0.2\bin\vcruntime140_1.dll
0x00007ffbf6af0000 - 0x00007ffbf6b7e000 	C:\Users\abc\.jdks\openjdk-19.0.2\bin\msvcp140.dll
0x00007ffb9c970000 - 0x00007ffb9d630000 	C:\Users\abc\.jdks\openjdk-19.0.2\bin\server\jvm.dll
0x00007ffbff5a0000 - 0x00007ffbff64e000 	C:\WINDOWS\System32\ADVAPI32.dll
0x00007ffc00a30000 - 0x00007ffc00acc000 	C:\WINDOWS\System32\sechost.dll
0x00007ffbffc20000 - 0x00007ffbffd45000 	C:\WINDOWS\System32\RPCRT4.dll
0x00007ffbe4810000 - 0x00007ffbe4837000 	C:\WINDOWS\SYSTEM32\WINMM.dll
0x00007ffbf54b0000 - 0x00007ffbf54ba000 	C:\WINDOWS\SYSTEM32\VERSION.dll
0x00007ffbe4800000 - 0x00007ffbe4809000 	C:\WINDOWS\SYSTEM32\WSOCK32.dll
0x00007ffc008d0000 - 0x00007ffc0093b000 	C:\WINDOWS\System32\WS2_32.dll
0x00007ffbfca50000 - 0x00007ffbfca62000 	C:\WINDOWS\SYSTEM32\kernel.appcore.dll
0x00007ffbf6ae0000 - 0x00007ffbf6aea000 	C:\Users\abc\.jdks\openjdk-19.0.2\bin\jimage.dll
0x00007ffbe22f0000 - 0x00007ffbe24d4000 	C:\WINDOWS\SYSTEM32\DBGHELP.DLL
0x00007ffbe2280000 - 0x00007ffbe22b5000 	C:\WINDOWS\SYSTEM32\dbgcore.DLL
0x00007ffbfe8e0000 - 0x00007ffbfe962000 	C:\WINDOWS\System32\bcryptPrimitives.dll
0x00007ffbf2520000 - 0x00007ffbf252e000 	C:\Users\abc\.jdks\openjdk-19.0.2\bin\instrument.dll
0x00007ffbf2530000 - 0x00007ffbf2556000 	C:\Users\abc\.jdks\openjdk-19.0.2\bin\java.dll

dbghelp: loaded successfully - version: 4.0.5 - missing functions: none
symbol engine: initialized successfully - sym options: 0x614 - pdb path: .;C:\Users\abc\.jdks\openjdk-19.0.2\bin;C:\WINDOWS\SYSTEM32;C:\WINDOWS\WinSxS\amd64_microsoft.windows.common-controls_6595b64144ccf1df_6.0.19041.1110_none_60b5254171f9507e;C:\Users\abc\.jdks\openjdk-19.0.2\bin\server

VM Arguments:
jvm_args: -javaagent:C:\Program Files\JetBrains\IntelliJ IDEA 2022.3.2\lib\idea_rt.jar=50975:C:\Program Files\JetBrains\IntelliJ IDEA 2022.3.2\bin -Dfile.encoding=UTF-8 -Dsun.stdout.encoding=UTF-8 -Dsun.stderr.encoding=UTF-8 
java_command: Main
java_class_path (initial): C:\Users\abc\IdeaProjects\lab3_homewok\out\production\lab3_homewok
Launcher Type: SUN_STANDARD

[Global flags]
     intx CICompilerCount                          = 3                                         {product} {ergonomic}
     uint ConcGCThreads                            = 1                                         {product} {ergonomic}
     uint G1ConcRefinementThreads                  = 4                                         {product} {ergonomic}
   size_t G1HeapRegionSize                         = 1048576                                   {product} {ergonomic}
    uintx GCDrainStackTargetSize                   = 64                                        {product} {ergonomic}
   size_t InitialHeapSize                          = 132120576                                 {product} {ergonomic}
   size_t MarkStackSize                            = 4194304                                   {product} {ergonomic}
   size_t MaxHeapSize                              = 2113929216                                {product} {ergonomic}
   size_t MinHeapDeltaBytes                        = 1048576                                   {product} {ergonomic}
   size_t MinHeapSize                              = 8388608                                   {product} {ergonomic}
    uintx NonNMethodCodeHeapSize                   = 5832780                                {pd product} {ergonomic}
    uintx NonProfiledCodeHeapSize                  = 122912730                              {pd product} {ergonomic}
    uintx ProfiledCodeHeapSize                     = 122912730                              {pd product} {ergonomic}
    uintx ReservedCodeCacheSize                    = 251658240                              {pd product} {ergonomic}
     bool SegmentedCodeCache                       = true                                      {product} {ergonomic}
   size_t SoftMaxHeapSize                          = 2113929216                             {manageable} {ergonomic}
     bool UseCompressedClassPointers               = true                           {product lp64_product} {ergonomic}
     bool UseCompressedOops                        = true                           {product lp64_product} {ergonomic}
     bool UseG1GC                                  = true                                      {product} {ergonomic}
     bool UseLargePagesIndividualAllocation        = false                                  {pd product} {ergonomic}

Logging:
Log output configuration:
 #0: stdout all=warning uptime,level,tags foldmultilines=false
 #1: stderr all=off uptime,level,tags foldmultilines=false

Environment Variables:
PATH=C:\oraclexe\app\oracle\product\11.2.0\server\bin;;C:\Program Files\Microsoft\jdk-11.0.12.7-hotspot\bin;C:\WINDOWS\system32;C:\WINDOWS;C:\WINDOWS\System32\Wbem;C:\WINDOWS\System32\WindowsPowerShell\v1.0\;C:\Program Files (x86)\Plantronics\Spokes3G\;C:\WINDOWS\System32\OpenSSH\;C:\Program Files (x86)\Common Files\Plantronics\;C:\Program Files (x86)\Plantronics\MyHeadsetUpdater\;C:\TDM-GCC-32\bin;C:\Program Files\Microsoft SQL Server\150\Tools\Binn\;C:\Program Files\Microsoft SQL Server\Client SDK\ODBC\170\Tools\Binn\;C:\Program Files\dotnet\;C:\Program Files\PuTTY\;C:\Program Files\Git\cmd;C:\Users\abc\AppData\Local\Microsoft\WindowsApps;C:\OJI\FP\bin\i386-Win32;C:\OJI\FP\bin\i386-Win32;C:\OJI\FP\bin\i386-Win32;C:\Users\abc\Desktop\fii\Informatica\bin;C:\Users\abc\.dotnet\tools;C:\Program Files\JetBrains\CLion 2022.1.1\bin;;C:\Users\abc\AppData\Local\Programs\Microsoft VS Code\bin;C:\ghcup\bin
USERNAME=abc
OS=Windows_NT
PROCESSOR_IDENTIFIER=Intel64 Family 6 Model 78 Stepping 3, GenuineIntel
TMP=C:\Users\abc\AppData\Local\Temp
TEMP=C:\Users\abc\AppData\Local\Temp



---------------  S Y S T E M  ---------------

OS:
 Windows 10 , 64 bit Build 19041 (10.0.19041.2546)
OS uptime: 0 days 0:20 hours
Hyper-V role detected

CPU: total 4 (initial active 4) (2 cores per cpu, 2 threads per core) family 6 model 78 stepping 3 microcode 0xcc, cx8, cmov, fxsr, ht, mmx, 3dnowpref, sse, sse2, sse3, ssse3, sse4.1, sse4.2, popcnt, lzcnt, tsc, tscinvbit, avx, avx2, aes, erms, clmul, bmi1, bmi2, adx, fma, vzeroupper, clflush, clflushopt, hv, rdtscp

Memory: 4k page, system-wide physical 8056M (1219M free)
TotalPageFile size 8056M (AvailPageFile size 41M)
current process WorkingSet (physical memory assigned to process): 10M, peak: 10M
current process commit charge ("private bytes"): 52M, peak: 178M

vm_info: OpenJDK 64-Bit Server VM (19.0.2+7-44) for windows-amd64 JRE (19.0.2+7-44), built on 2022-11-30T18:02:09Z by "mach5one" with MS VC++ 17.1 (VS2022)

END.
